#
# A fatal error has been detected by the Java Runtime Environment:
#
#  EXCEPTION_ACCESS_VIOLATION (0xc0000005) at pc=0x6a73757e, pid=13648, tid=0x000027d0
#
# JRE version: Java(TM) SE Runtime Environment (8.0_191-b12) (build 1.8.0_191-b12)
# Java VM: Java HotSpot(TM) Client VM (25.191-b12 mixed mode windows-x86 )
# Problematic frame:
# V  [jvm.dll+0xe757e]
#
# Failed to write core dump. Minidumps are not enabled by default on client versions of Windows
#
# If you would like to submit a bug report, please visit:
#   http://bugreport.java.com/bugreport/crash.jsp
#

---------------  T H R E A D  ---------------

Current thread (0x27001c00):  JavaThread "EventThread COM24" [_thread_in_vm, id=10192, stack(0x28910000,0x28960000)]

siginfo: ExceptionCode=0xc0000005, reading address 0x00000000

Registers:
EAX=0x00000000, EBX=0x00b9c120, ECX=0x27001c00, EDX=0x0000009f
ESP=0x289474fc, EBP=0x28947518, ESI=0x00000000, EDI=0x27001c00
EIP=0x6a73757e, EFLAGS=0x00010246

Top of Stack: (sp=0x289474fc)
0x289474fc:   28947534 27001d40 00b9c120 27001c00
0x2894750c:   2715732c 0000009f 6a935568 2895f5b8
0x2894751c:   6400183d 27001d40 00000000 00000000
0x2894752c:   0001803d 28947534 0d202030 676e410a
0x2894753c:   6920656c 7473206e 3a737065 34303720
0x2894754c:   46462033 61642042 203a6174 6f4d2030
0x2894755c:   20726f74 76697264 69732065 6c616e67
0x2894756c:   3032203a 4f203834 20726576 76617254 

Instructions: (pc=0x6a73757e)
0x6a73755e:   c4 08 83 7f 04 00 89 7d f0 c7 45 f4 00 00 00 00
0x6a73756e:   74 08 8d 4d f0 e8 e8 34 0c 00 8b 75 10 8b 45 0c
0x6a73757e:   8b 10 85 f6 78 32 8b 45 14 85 c0 78 2b 8d 0c 06
0x6a73758e:   3b 4a 08 77 23 85 c0 7e 3b 8b 4a 04 8b 49 04 83 


Register to memory mapping:

EAX=0x00000000 is an unknown value
EBX=0x00b9c120 is an unknown value
ECX=0x27001c00 is a thread
EDX=0x0000009f is an unknown value
ESP=0x289474fc is pointing into the stack for thread: 0x27001c00
EBP=0x28947518 is pointing into the stack for thread: 0x27001c00
ESI=0x00000000 is an unknown value
EDI=0x27001c00 is a thread


Stack: [0x28910000,0x28960000],  sp=0x289474fc,  free space=221k
Native frames: (J=compiled Java code, j=interpreted, Vv=VM code, C=native code)
V  [jvm.dll+0xe757e]
C  [jSSC-2.8_x86.dll+0x183d]
J 2824  jssc.SerialNativeInterface.readBytes(JI)[B (0 bytes) @ 0x02bc1165 [0x02bc10d0+0x95]
J 3851 C1 jssc.SerialPort$EventThread.run()V (84 bytes) @ 0x02b239f0 [0x02b23780+0x270]
v  ~StubRoutines::call_stub
V  [jvm.dll+0x15c315]
V  [jvm.dll+0x223ece]
V  [jvm.dll+0x15c3ae]
V  [jvm.dll+0x15c536]
V  [jvm.dll+0x15c5a7]
V  [jvm.dll+0x1002ef]
V  [jvm.dll+0x17f550]
V  [jvm.dll+0x17fdca]
V  [jvm.dll+0x1c57a6]
C  [msvcr100.dll+0x5c556]
C  [msvcr100.dll+0x5c600]
C  [KERNEL32.DLL+0x16359]
C  [ntdll.dll+0x67c24]
C  [ntdll.dll+0x67bf4]
C  0x00000000

Java frames: (J=compiled Java code, j=interpreted, Vv=VM code)
J 2824  jssc.SerialNativeInterface.readBytes(JI)[B (0 bytes) @ 0x02bc1121 [0x02bc10d0+0x51]
J 3851 C1 jssc.SerialPort$EventThread.run()V (84 bytes) @ 0x02b239f0 [0x02b23780+0x270]
v  ~StubRoutines::call_stub

---------------  P R O C E S S  ---------------

Java Threads: ( => current thread )
=>0x27001c00 JavaThread "EventThread COM24" [_thread_in_vm, id=10192, stack(0x28910000,0x28960000)]
  0x27006400 JavaThread "DestroyJavaVM" [_thread_blocked, id=3392, stack(0x02530000,0x02580000)]
  0x27003c00 JavaThread "TimerQueue" daemon [_thread_blocked, id=20392, stack(0x2baa0000,0x2baf0000)]
  0x27007000 JavaThread "AWT-EventQueue-0" [_thread_blocked, id=22260, stack(0x29e70000,0x29ec0000)]
  0x27003000 JavaThread "AWT-Shutdown" [_thread_blocked, id=15896, stack(0x29e20000,0x29e70000)]
  0x27008400 JavaThread "Batik CleanerThread" daemon [_thread_blocked, id=13692, stack(0x288c0000,0x28910000)]
  0x27007400 JavaThread "JmDNS(QUADCORE-hsd1-wa-comcast-net.local.).State.Timer" [_thread_blocked, id=16920, stack(0x28870000,0x288c0000)]
  0x27195c00 JavaThread "JmDNS(QUADCORE-hsd1-wa-comcast-net.local.).Timer" daemon [_thread_blocked, id=10140, stack(0x287e0000,0x28830000)]
  0x27195400 JavaThread "SocketListener(QUADCORE-hsd1-wa-comcast-net.local.)" daemon [_thread_in_native, id=18520, stack(0x28750000,0x287a0000)]
  0x27194400 JavaThread "JmDNS(QUADCORE-mshome-net.local.).State.Timer" [_thread_blocked, id=18944, stack(0x286c0000,0x28710000)]
  0x27194800 JavaThread "JmDNS(QUADCORE-mshome-net.local.).Timer" daemon [_thread_blocked, id=20152, stack(0x28630000,0x28680000)]
  0x27195000 JavaThread "SocketListener(QUADCORE-mshome-net.local.)" daemon [_thread_in_native, id=10780, stack(0x285a0000,0x285f0000)]
  0x26d01800 JavaThread "JmDNS(QUADCORE.local.).State.Timer" [_thread_blocked, id=1784, stack(0x28480000,0x284d0000)]
  0x26d01400 JavaThread "JmDNS(QUADCORE.local.).Timer" daemon [_thread_blocked, id=8428, stack(0x283f0000,0x28440000)]
  0x271d3c00 JavaThread "SocketListener(QUADCORE.local.)" daemon [_thread_in_native, id=6864, stack(0x28140000,0x28190000)]
  0x261d4c00 JavaThread "Multihomed mDNS.Timer" daemon [_thread_blocked, id=3336, stack(0x26830000,0x26880000)]
  0x261f5000 JavaThread "cc.arduino.packages.discoverers.serial.SerialDiscovery" [_thread_blocked, id=13672, stack(0x27db0000,0x27e00000)]
  0x263cec00 JavaThread "AWT-Windows" daemon [_thread_in_native, id=5140, stack(0x268c0000,0x26910000)]
  0x263cd400 JavaThread "Java2D Disposer" daemon [_thread_blocked, id=22216, stack(0x267a0000,0x267f0000)]
  0x24ef3000 JavaThread "Service Thread" daemon [_thread_blocked, id=5348, stack(0x26040000,0x26090000)]
  0x24eee000 JavaThread "C1 CompilerThread0" daemon [_thread_blocked, id=21596, stack(0x25fb0000,0x26000000)]
  0x24eec800 JavaThread "Attach Listener" daemon [_thread_blocked, id=20668, stack(0x25f20000,0x25f70000)]
  0x24eea800 JavaThread "Signal Dispatcher" daemon [_thread_blocked, id=12596, stack(0x25e90000,0x25ee0000)]
  0x24ecb800 JavaThread "Finalizer" daemon [_thread_blocked, id=3076, stack(0x25500000,0x25550000)]
  0x24ec5800 JavaThread "Reference Handler" daemon [_thread_blocked, id=7940, stack(0x250b0000,0x25100000)]

Other Threads:
  0x24eb0800 VMThread [stack: 0x24d70000,0x24dc0000] [id=13948]
  0x24ef6000 WatcherThread [stack: 0x260d0000,0x26120000] [id=6740]

VM state:synchronizing (normal execution)

VM Mutex/Monitor currently owned by a thread:  ([mutex/lock_event])
[0x00b3de78] Threads_lock - owner thread: 0x24eb0800
[0x00b3dd40] Heap_lock - owner thread: 0x27007000

Heap:
 def new generation   total 157248K, used 157248K [0x04800000, 0x0f2a0000, 0x0f2a0000)
  eden space 139776K, 100% used [0x04800000, 0x0d080000, 0x0d080000)
  from space 17472K, 100% used [0x0d080000, 0x0e190000, 0x0e190000)
  to   space 17472K,   0% used [0x0e190000, 0x0e190000, 0x0f2a0000)
 tenured generation   total 349568K, used 349567K [0x0f2a0000, 0x24800000, 0x24800000)
   the space 349568K,  99% used [0x0f2a0000, 0x247fffe0, 0x24800000, 0x24800000)
 Metaspace       used 25674K, capacity 26200K, committed 26368K, reserved 27008K

Card table byte_map: [0x24800000,0x24910000] byte_map_base: 0x247dc000

Polling page: 0x00b10000

CodeCache: size=32768Kb used=3056Kb max_used=5423Kb free=29711Kb
 bounds [0x02700000, 0x02c50000, 0x04700000]
 total_blobs=1856 nmethods=1560 adapters=224
 compilation: enabled

Compilation events (10 events):
Event: 6357.034 Thread 0x24eee000 38171             javax.jmdns.impl.constants.DNSRecordType::typeForIndex (55 bytes)
Event: 6357.035 Thread 0x24eee000 nmethod 38171 0x02abff08 code [0x02ac0030, 0x02ac01e8]
Event: 6357.747 Thread 0x24eee000 38172             java.util.PriorityQueue::siftUpComparable (61 bytes)
Event: 6357.747 Thread 0x24eee000 nmethod 38172 0x02abf888 code [0x02abf9b0, 0x02abfc1c]
Event: 6365.367 Thread 0x24eee000 38173             java.util.PriorityQueue::offer (72 bytes)
Event: 6365.367 Thread 0x24eee000 nmethod 38173 0x02b5df88 code [0x02b5e0c0, 0x02b5e2e0]
Event: 6400.218 Thread 0x24eee000 38174             sun.util.locale.provider.RuleBasedBreakIterator::readTables (413 bytes)
Event: 6402.942 Thread 0x24eee000 nmethod 38174 0x02abde08 code [0x02abe000, 0x02abeb8c]
Event: 6402.943 Thread 0x24eee000 38175             sun.util.locale.provider.RuleBasedBreakIterator::getShort (27 bytes)
Event: 6402.943 Thread 0x24eee000 nmethod 38175 0x02907dc8 code [0x02907ec0, 0x02907f80]

GC Heap History (10 events):
Event: 6400.993 GC heap before
{Heap before GC invocations=271 (full 75):
 def new generation   total 157248K, used 157247K [0x04800000, 0x0f2a0000, 0x0f2a0000)
  eden space 139776K, 100% used [0x04800000, 0x0d080000, 0x0d080000)
  from space 17472K,  99% used [0x0d080000, 0x0e18ff08, 0x0e190000)
  to   space 17472K,   0% used [0x0e190000, 0x0e190000, 0x0f2a0000)
 tenured generation   total 349568K, used 349567K [0x0f2a0000, 0x24800000, 0x24800000)
   the space 349568K,  99% used [0x0f2a0000, 0x247fff60, 0x24800000, 0x24800000)
 Metaspace       used 25674K, capacity 26200K, committed 26368K, reserved 27008K
Event: 6401.421 GC heap after
Heap after GC invocations=272 (full 76):
 def new generation   total 157248K, used 157207K [0x04800000, 0x0f2a0000, 0x0f2a0000)
  eden space 139776K, 100% used [0x04800000, 0x0d080000, 0x0d080000)
  from space 17472K,  99% used [0x0d080000, 0x0e185d30, 0x0e190000)
  to   space 17472K,   0% used [0x0e190000, 0x0e190000, 0x0f2a0000)
 tenured generation   total 349568K, used 349566K [0x0f2a0000, 0x24800000, 0x24800000)
   the space 349568K,  99% used [0x0f2a0000, 0x247ffa10, 0x247ffc00, 0x24800000)
 Metaspace       used 25674K, capacity 26200K, committed 26368K, reserved 27008K
}
Event: 6401.421 GC heap before
{Heap before GC invocations=272 (full 76):
 def new generation   total 157248K, used 157247K [0x04800000, 0x0f2a0000, 0x0f2a0000)
  eden space 139776K, 100% used [0x04800000, 0x0d080000, 0x0d080000)
  from space 17472K,  99% used [0x0d080000, 0x0e18ff80, 0x0e190000)
  to   space 17472K,   0% used [0x0e190000, 0x0e190000, 0x0f2a0000)
 tenured generation   total 349568K, used 349567K [0x0f2a0000, 0x24800000, 0x24800000)
   the space 349568K,  99% used [0x0f2a0000, 0x247fff60, 0x24800000, 0x24800000)
 Metaspace       used 25674K, capacity 26200K, committed 26368K, reserved 27008K
Event: 6401.792 GC heap after
Heap after GC invocations=273 (full 77):
 def new generation   total 157248K, used 157214K [0x04800000, 0x0f2a0000, 0x0f2a0000)
  eden space 139776K, 100% used [0x04800000, 0x0d080000, 0x0d080000)
  from space 17472K,  99% used [0x0d080000, 0x0e187ac0, 0x0e190000)
  to   space 17472K,   0% used [0x0e190000, 0x0e190000, 0x0f2a0000)
 tenured generation   total 349568K, used 349567K [0x0f2a0000, 0x24800000, 0x24800000)
   the space 349568K,  99% used [0x0f2a0000, 0x247fff60, 0x24800000, 0x24800000)
 Metaspace       used 25674K, capacity 26200K, committed 26368K, reserved 27008K
}
Event: 6401.793 GC heap before
{Heap before GC invocations=273 (full 77):
 def new generation   total 157248K, used 157247K [0x04800000, 0x0f2a0000, 0x0f2a0000)
  eden space 139776K, 100% used [0x04800000, 0x0d080000, 0x0d080000)
  from space 17472K,  99% used [0x0d080000, 0x0e18ff98, 0x0e190000)
  to   space 17472K,   0% used [0x0e190000, 0x0e190000, 0x0f2a0000)
 tenured generation   total 349568K, used 349567K [0x0f2a0000, 0x24800000, 0x24800000)
   the space 349568K,  99% used [0x0f2a0000, 0x247fff60, 0x24800000, 0x24800000)
 Metaspace       used 25674K, capacity 26200K, committed 26368K, reserved 27008K
Event: 6402.174 GC heap after
Heap after GC invocations=274 (full 78):
 def new generation   total 157248K, used 157215K [0x04800000, 0x0f2a0000, 0x0f2a0000)
  eden space 139776K, 100% used [0x04800000, 0x0d080000, 0x0d080000)
  from space 17472K,  99% used [0x0d080000, 0x0e187c20, 0x0e190000)
  to   space 17472K,   0% used [0x0e190000, 0x0e190000, 0x0f2a0000)
 tenured generation   total 349568K, used 349567K [0x0f2a0000, 0x24800000, 0x24800000)
   the space 349568K,  99% used [0x0f2a0000, 0x247fff60, 0x24800000, 0x24800000)
 Metaspace       used 25674K, capacity 26200K, committed 26368K, reserved 27008K
}
Event: 6402.175 GC heap before
{Heap before GC invocations=274 (full 78):
 def new generation   total 157248K, used 157233K [0x04800000, 0x0f2a0000, 0x0f2a0000)
  eden space 139776K, 100% used [0x04800000, 0x0d080000, 0x0d080000)
  from space 17472K,  99% used [0x0d080000, 0x0e18c500, 0x0e190000)
  to   space 17472K,   0% used [0x0e190000, 0x0e190000, 0x0f2a0000)
 tenured generation   total 349568K, used 349567K [0x0f2a0000, 0x24800000, 0x24800000)
   the space 349568K,  99% used [0x0f2a0000, 0x247fff60, 0x24800000, 0x24800000)
 Metaspace       used 25674K, capacity 26200K, committed 26368K, reserved 27008K
Event: 6402.551 GC heap after
Heap after GC invocations=275 (full 79):
 def new generation   total 157248K, used 157157K [0x04800000, 0x0f2a0000, 0x0f2a0000)
  eden space 139776K, 100% used [0x04800000, 0x0d080000, 0x0d080000)
  from space 17472K,  99% used [0x0d080000, 0x0e1795c0, 0x0e190000)
  to   space 17472K,   0% used [0x0e190000, 0x0e190000, 0x0f2a0000)
 tenured generation   total 349568K, used 349567K [0x0f2a0000, 0x24800000, 0x24800000)
   the space 349568K,  99% used [0x0f2a0000, 0x247fff60, 0x24800000, 0x24800000)
 Metaspace       used 25674K, capacity 26200K, committed 26368K, reserved 27008K
}
Event: 6402.551 GC heap before
{Heap before GC invocations=275 (full 79):
 def new generation   total 157248K, used 157157K [0x04800000, 0x0f2a0000, 0x0f2a0000)
  eden space 139776K, 100% used [0x04800000, 0x0d080000, 0x0d080000)
  from space 17472K,  99% used [0x0d080000, 0x0e1795c0, 0x0e190000)
  to   space 17472K,   0% used [0x0e190000, 0x0e190000, 0x0f2a0000)
 tenured generation   total 349568K, used 349567K [0x0f2a0000, 0x24800000, 0x24800000)
   the space 349568K,  99% used [0x0f2a0000, 0x247fff60, 0x24800000, 0x24800000)
 Metaspace       used 25674K, capacity 26200K, committed 26368K, reserved 27008K
Event: 6402.942 GC heap after
Heap after GC invocations=276 (full 80):
 def new generation   total 157248K, used 157157K [0x04800000, 0x0f2a0000, 0x0f2a0000)
  eden space 139776K, 100% used [0x04800000, 0x0d080000, 0x0d080000)
  from space 17472K,  99% used [0x0d080000, 0x0e1795c0, 0x0e190000)
  to   space 17472K,   0% used [0x0e190000, 0x0e190000, 0x0f2a0000)
 tenured generation   total 349568K, used 349566K [0x0f2a0000, 0x24800000, 0x24800000)
   the space 349568K,  99% used [0x0f2a0000, 0x247ffa10, 0x247ffc00, 0x24800000)
 Metaspace       used 25674K, capacity 26200K, committed 26368K, reserved 27008K
}

Deoptimization events (0 events):
No events

Classes redefined (0 events):
No events

Internal exceptions (10 events):
Event: 3637.689 Thread 0x27003800 Exception <a 'sun/nio/fs/WindowsException'> (0x088a44c0) thrown at [C:\workspace\8-2-build-windows-i586-cygwin\jdk8u191\11896\hotspot\src\share\vm\prims\jni.cpp, line 709]
Event: 3637.693 Thread 0x27003800 Exception <a 'sun/nio/fs/WindowsException'> (0x088b2c20) thrown at [C:\workspace\8-2-build-windows-i586-cygwin\jdk8u191\11896\hotspot\src\share\vm\prims\jni.cpp, line 709]
Event: 3637.693 Thread 0x27003800 Exception <a 'sun/nio/fs/WindowsException'> (0x088b31d8) thrown at [C:\workspace\8-2-build-windows-i586-cygwin\jdk8u191\11896\hotspot\src\share\vm\prims\jni.cpp, line 709]
Event: 3637.698 Thread 0x27003800 Exception <a 'sun/nio/fs/WindowsException'> (0x088c3b68) thrown at [C:\workspace\8-2-build-windows-i586-cygwin\jdk8u191\11896\hotspot\src\share\vm\prims\jni.cpp, line 709]
Event: 3637.698 Thread 0x27003800 Exception <a 'sun/nio/fs/WindowsException'> (0x088c40e8) thrown at [C:\workspace\8-2-build-windows-i586-cygwin\jdk8u191\11896\hotspot\src\share\vm\prims\jni.cpp, line 709]
Event: 3637.705 Thread 0x27003800 Exception <a 'sun/nio/fs/WindowsException'> (0x088ce8e0) thrown at [C:\workspace\8-2-build-windows-i586-cygwin\jdk8u191\11896\hotspot\src\share\vm\prims\jni.cpp, line 709]
Event: 3637.705 Thread 0x27003800 Exception <a 'sun/nio/fs/WindowsException'> (0x088cee98) thrown at [C:\workspace\8-2-build-windows-i586-cygwin\jdk8u191\11896\hotspot\src\share\vm\prims\jni.cpp, line 709]
Event: 3637.710 Thread 0x27003800 Exception <a 'sun/nio/fs/WindowsException'> (0x088e0c18) thrown at [C:\workspace\8-2-build-windows-i586-cygwin\jdk8u191\11896\hotspot\src\share\vm\prims\jni.cpp, line 709]
Event: 3637.710 Thread 0x27003800 Exception <a 'sun/nio/fs/WindowsException'> (0x088e11c0) thrown at [C:\workspace\8-2-build-windows-i586-cygwin\jdk8u191\11896\hotspot\src\share\vm\prims\jni.cpp, line 709]
Event: 6402.942 Thread 0x27001c00 Exception <a 'java/lang/OutOfMemoryError'> (0x0f330768) thrown at [C:\workspace\8-2-build-windows-i586-cygwin\jdk8u191\11896\hotspot\src\share\vm\gc_interface/collectedHeap.inline.hpp, line 159]

Events (10 events):
Event: 6402.942 Executing VM operation: GenCollectForAllocation done
Event: 6402.942 Thread 0x24eee000 flushing nmethod 0x028e8788
Event: 6402.942 Thread 0x24eee000 flushing nmethod 0x02907dc8
Event: 6402.942 Thread 0x24eee000 flushing nmethod 0x029a5c88
Event: 6402.942 Thread 0x24eee000 flushing nmethod 0x02a94848
Event: 6402.943 Thread 0x24eee000 flushing nmethod 0x02b94a08
Event: 6402.943 Thread 0x24eee000 flushing nmethod 0x02bcc488
Event: 6402.944 Thread 0x24eee000 flushing nmethod 0x02c05448
Event: 6402.944 Thread 0x24eee000 flushing nmethod 0x02c06548
Event: 6402.944 Thread 0x24eee000 flushing nmethod 0x02c33b48


Dynamic libraries:
0x00860000 - 0x00893000 	C:\Program Files (x86)\Arduino\java\bin\javaw.exe
0x779e0000 - 0x77b7a000 	C:\WINDOWS\SYSTEM32\ntdll.dll
0x75d50000 - 0x75e30000 	C:\WINDOWS\System32\KERNEL32.DLL
0x77660000 - 0x7785f000 	C:\WINDOWS\System32\KERNELBASE.dll
0x767a0000 - 0x76819000 	C:\WINDOWS\System32\ADVAPI32.dll
0x76350000 - 0x7640f000 	C:\WINDOWS\System32\msvcrt.dll
0x76720000 - 0x76796000 	C:\WINDOWS\System32\sechost.dll
0x75250000 - 0x7530b000 	C:\WINDOWS\System32\RPCRT4.dll
0x751a0000 - 0x751c5000 	C:\WINDOWS\System32\SspiCli.dll
0x75190000 - 0x7519a000 	C:\WINDOWS\System32\CRYPTBASE.dll
0x751d0000 - 0x7522f000 	C:\WINDOWS\System32\bcryptPrimitives.dll
0x761b0000 - 0x76348000 	C:\WINDOWS\System32\USER32.dll
0x75230000 - 0x75247000 	C:\WINDOWS\System32\win32u.dll
0x76820000 - 0x76841000 	C:\WINDOWS\System32\GDI32.dll
0x75770000 - 0x758cc000 	C:\WINDOWS\System32\gdi32full.dll
0x76580000 - 0x765fc000 	C:\WINDOWS\System32\msvcp_win.dll
0x75c30000 - 0x75d4f000 	C:\WINDOWS\System32\ucrtbase.dll
0x6ba30000 - 0x6bc3f000 	C:\WINDOWS\WinSxS\x86_microsoft.windows.common-controls_6595b64144ccf1df_6.0.18362.1082_none_e62ecab8f8d74ec7\COMCTL32.dll
0x75e60000 - 0x760d5000 	C:\WINDOWS\System32\combase.dll
0x75b40000 - 0x75b65000 	C:\WINDOWS\System32\IMM32.DLL
0x6adf0000 - 0x6aeaf000 	C:\Program Files (x86)\Arduino\java\bin\msvcr100.dll
0x6a650000 - 0x6aa23000 	C:\Program Files (x86)\Arduino\java\bin\client\jvm.dll
0x75e50000 - 0x75e56000 	C:\WINDOWS\System32\PSAPI.DLL
0x6f9a0000 - 0x6f9a8000 	C:\WINDOWS\SYSTEM32\WSOCK32.dll
0x75a30000 - 0x75a8e000 	C:\WINDOWS\System32\WS2_32.dll
0x73200000 - 0x73208000 	C:\WINDOWS\SYSTEM32\VERSION.dll
0x74f00000 - 0x74f24000 	C:\WINDOWS\SYSTEM32\WINMM.dll
0x74ed0000 - 0x74ef3000 	C:\WINDOWS\SYSTEM32\winmmbase.dll
0x75b70000 - 0x75bab000 	C:\WINDOWS\System32\cfgmgr32.dll
0x6b190000 - 0x6b1c0000 	C:\Program Files (x86)\Arduino\java\bin\splashscreen.dll
0x71f90000 - 0x7200a000 	C:\WINDOWS\system32\uxtheme.dll
0x6f8e0000 - 0x6f8ec000 	C:\Program Files (x86)\Arduino\java\bin\verify.dll
0x6b160000 - 0x6b182000 	C:\Program Files (x86)\Arduino\java\bin\java.dll
0x758d0000 - 0x759d3000 	C:\WINDOWS\System32\MSCTF.dll
0x76600000 - 0x76692000 	C:\WINDOWS\System32\OLEAUT32.dll
0x6b140000 - 0x6b154000 	C:\Program Files (x86)\Arduino\java\bin\zip.dll
0x779c0000 - 0x779cf000 	C:\WINDOWS\System32\kernel.appcore.dll
0x63f10000 - 0x63f94000 	C:\WINDOWS\System32\TextInputFramework.dll
0x63cb0000 - 0x63f0e000 	C:\WINDOWS\System32\CoreUIComponents.dll
0x63c20000 - 0x63ca9000 	C:\WINDOWS\System32\CoreMessaging.dll
0x775c0000 - 0x77644000 	C:\WINDOWS\System32\SHCORE.dll
0x6f5d0000 - 0x6f6aa000 	C:\WINDOWS\SYSTEM32\wintypes.dll
0x71720000 - 0x71749000 	C:\WINDOWS\SYSTEM32\ntmarta.dll
0x77040000 - 0x775ba000 	C:\WINDOWS\System32\SHELL32.dll
0x76850000 - 0x76e11000 	C:\WINDOWS\System32\windows.storage.dll
0x766a0000 - 0x766bb000 	C:\WINDOWS\System32\profapi.dll
0x759e0000 - 0x75a23000 	C:\WINDOWS\System32\powrprof.dll
0x75760000 - 0x7576d000 	C:\WINDOWS\System32\UMPDC.dll
0x760e0000 - 0x76124000 	C:\WINDOWS\System32\shlwapi.dll
0x75bc0000 - 0x75bd3000 	C:\WINDOWS\System32\cryptsp.dll
0x70f10000 - 0x71139000 	C:\WINDOWS\System32\iertutil.dll
0x74fb0000 - 0x75003000 	C:\WINDOWS\system32\Oleacc.dll
0x61940000 - 0x619b3000 	C:\Program Files (x86)\Arduino\lib\listSerialsj.dll
0x75310000 - 0x75759000 	C:\WINDOWS\System32\SETUPAPI.dll
0x75e30000 - 0x75e49000 	C:\WINDOWS\System32\bcrypt.dll
0x6add0000 - 0x6aded000 	C:\Program Files (x86)\Arduino\lib\jnidispatch-4.2.2-win32-x86.dll
0x76ee0000 - 0x76fd7000 	C:\WINDOWS\System32\Ole32.dll
0x6adb0000 - 0x6adc5000 	C:\Program Files (x86)\Arduino\java\bin\net.dll
0x741b0000 - 0x74202000 	C:\WINDOWS\system32\mswsock.dll
0x6f8d0000 - 0x6f8df000 	C:\Program Files (x86)\Arduino\java\bin\nio.dll
0x6ac60000 - 0x6ada7000 	C:\Program Files (x86)\Arduino\java\bin\awt.dll
0x72fb0000 - 0x7304f000 	C:\WINDOWS\SYSTEM32\apphelp.dll
0x71f00000 - 0x71f25000 	C:\WINDOWS\system32\DWMAPI.DLL
0x6ac20000 - 0x6ac59000 	C:\Program Files (x86)\Arduino\java\bin\fontmanager.dll
0x59220000 - 0x5931f000 	C:\WINDOWS\system32\opengl32.dll
0x591e0000 - 0x5921f000 	C:\WINDOWS\SYSTEM32\GLU32.dll
0x6f890000 - 0x6f8a9000 	C:\WINDOWS\SYSTEM32\dxcore.dll
0x6abe0000 - 0x6ac12000 	C:\Program Files (x86)\Arduino\java\bin\t2k.dll
0x6b110000 - 0x6b11a000 	C:\Program Files (x86)\Arduino\java\bin\management.dll
0x6f460000 - 0x6f471000 	C:\WINDOWS\system32\napinsp.dll
0x6f430000 - 0x6f446000 	C:\WINDOWS\system32\pnrpnsp.dll
0x72960000 - 0x729f4000 	C:\WINDOWS\SYSTEM32\DNSAPI.dll
0x76e20000 - 0x76e27000 	C:\WINDOWS\System32\NSI.dll
0x750e0000 - 0x75112000 	C:\WINDOWS\SYSTEM32\IPHLPAPI.DLL
0x6f420000 - 0x6f42b000 	C:\WINDOWS\System32\winrnr.dll
0x6e9a0000 - 0x6e9b6000 	C:\WINDOWS\system32\NLAapi.dll
0x6e8e0000 - 0x6e8f0000 	C:\WINDOWS\system32\wshbth.dll
0x74790000 - 0x747e1000 	C:\WINDOWS\System32\fwpuclnt.dll
0x6f4b0000 - 0x6f4b8000 	C:\Windows\System32\rasadhlp.dll
0x6fa70000 - 0x6fa83000 	C:\WINDOWS\SYSTEM32\dhcpcsvc6.DLL
0x721a0000 - 0x721b5000 	C:\WINDOWS\SYSTEM32\dhcpcsvc.DLL
0x73ef0000 - 0x73f1f000 	C:\WINDOWS\system32\rsaenh.dll
0x74210000 - 0x7422e000 	C:\WINDOWS\SYSTEM32\USERENV.dll
0x6e6c0000 - 0x6e6e3000 	C:\WINDOWS\SYSTEM32\DEVOBJ.dll
0x75be0000 - 0x75c26000 	C:\WINDOWS\System32\WINTRUST.dll
0x77650000 - 0x7765e000 	C:\WINDOWS\System32\MSASN1.dll
0x778c0000 - 0x779bb000 	C:\WINDOWS\System32\CRYPT32.dll
0x6a5c0000 - 0x6a629000 	C:\Program Files (x86)\Arduino\msvcp100.dll
0x6a500000 - 0x6a5be000 	C:\Program Files (x86)\Arduino\msvcr100.dll
0x27be0000 - 0x27c12000 	C:\Program Files (x86)\Arduino\lib\AStylej.dll
0x6a4d0000 - 0x6a4f4000 	C:\Program Files (x86)\Arduino\java\bin\dcpr.dll
0x76130000 - 0x761b0000 	C:\WINDOWS\System32\clbcatq.dll
0x59840000 - 0x599a9000 	C:\WINDOWS\SYSTEM32\WindowsCodecs.dll
0x60a80000 - 0x60ab1000 	C:\WINDOWS\system32\dataexchange.dll
0x64630000 - 0x6480e000 	C:\WINDOWS\system32\d3d11.dll
0x60910000 - 0x60a7a000 	C:\WINDOWS\system32\dcomp.dll
0x6f500000 - 0x6f5c1000 	C:\WINDOWS\system32\dxgi.dll
0x63900000 - 0x63ae5000 	C:\WINDOWS\system32\twinapi.appcore.dll
0x638e0000 - 0x638ff000 	C:\WINDOWS\system32\RMCLIENT.dll
0x6a630000 - 0x6a650000 	C:\Program Files (x86)\Arduino\java\bin\sunec.dll
0x6a4c0000 - 0x6a4c9000 	C:\Program Files (x86)\Arduino\java\bin\sunmscapi.dll
0x64000000 - 0x6401b000 	C:\Program Files (x86)\Arduino\lib\jSSC-2.8_x86.dll
0x68800000 - 0x6a4b8000 	C:\WINDOWS\System32\DriverStore\FileRepository\nv_dispi.inf_amd64_93eff437a314841a\nvoglv32.dll
0x73ee0000 - 0x73eef000 	C:\WINDOWS\SYSTEM32\WTSAPI32.dll
0x685d0000 - 0x687f1000 	C:\WINDOWS\system32\nvspcap.dll
0x73f90000 - 0x7411f000 	C:\WINDOWS\SYSTEM32\dbghelp.dll

VM Arguments:
jvm_args: -Dsun.java2d.d3d=false -Djna.nosys=true -Djna.nounpack=true -Djna.boot.library.name=jnidispatch-4.2.2-win32-x86 -Djna.boot.library.path=C:\Program Files (x86)\Arduino/lib -Djssc.library.path=C:\Program Files (x86)\Arduino/lib -DAPP_DIR=C:\Program Files (x86)\Arduino -Xms128M -Xmx512M -Dfile.encoding=UTF8 -Djava.net.preferIPv4Stack=true 
java_command: processing.app.Base C:\Users\joesp\Documents\GitHub\FFB-Steering-Wheel\FFBWheelFirmware\FFBWheelFirmware.ino
java_class_path (initial): C:\Program Files (x86)\Arduino\lib\apple.jar;C:\Program Files (x86)\Arduino\lib\arduino-core.jar;C:\Program Files (x86)\Arduino\lib\batik-1.8.jar;C:\Program Files (x86)\Arduino\lib\batik-anim-1.8.jar;C:\Program Files (x86)\Arduino\lib\batik-awt-util-1.8.jar;C:\Program Files (x86)\Arduino\lib\batik-bridge-1.8.jar;C:\Program Files (x86)\Arduino\lib\batik-codec-1.8.jar;C:\Program Files (x86)\Arduino\lib\batik-css-1.8.jar;C:\Program Files (x86)\Arduino\lib\batik-dom-1.8.jar;C:\Program Files (x86)\Arduino\lib\batik-ext-1.8.jar;C:\Program Files (x86)\Arduino\lib\batik-gvt-1.8.jar;C:\Program Files (x86)\Arduino\lib\batik-parser-1.8.jar;C:\Program Files (x86)\Arduino\lib\batik-rasterizer-1.8.jar;C:\Program Files (x86)\Arduino\lib\batik-script-1.8.jar;C:\Program Files (x86)\Arduino\lib\batik-squiggle-1.8.jar;C:\Program Files (x86)\Arduino\lib\batik-svg-dom-1.8.jar;C:\Program Files (x86)\Arduino\lib\batik-svgpp-1.8.jar;C:\Program Files (x86)\Arduino\lib\batik-transcoder-1.8.jar;C:\Program Files (x86)\Arduino\lib\batik-util-1.8.jar;C:\Program Files (x86)\Arduino\lib\batik-xml-1.8.jar;C:\Program Files (x86)\Arduino\lib\bcpg-jdk15on-152.jar;C:\Program Files (x86)\Arduino\lib\bcprov-jdk15on-152.jar;C:\Program Files (x86)\Arduino\lib\commons-codec-1.7.jar;C:\Program Files (x86)\Arduino\lib\commons-compress-1.8.jar;C:\Program Files (x86)\Arduino\lib\commons-exec-1.1.jar;C:\Program Files (x86)\Arduino\lib\commons-httpclient-3.1.jar;C:\Program Files (x86)\Arduino\lib\commons-lang3-3.8.1.jar;C:\Program Files (x86)\Arduino\lib\commons-logging-1.0.4.jar;C:\Program Files (x86)\Arduino\lib\commons-net-3.3.jar;C:\Program Files (x86)\Arduino\lib\commons-io-2.6.jar;C:\Program Files (x86)\Arduino\lib\jackson-annotations-2.9.5.jar;C:\Program Files (x86)\Arduino\lib\jackson-core-2.9.5.jar;C:\Program Files (x86)\Arduino\lib\jackson-databind-2.9.5.jar;C:\Program Files (x86)\Arduino\lib\java-semver-0.8.0.jar;C:\Program Files (x86)\Arduino\lib\jmdns-3.5.5.jar;C:\Program
Launcher Type: SUN_STANDARD

Environment Variables:
PATH=C:\VulkanSDK\1.1.77.0\Bin;C:\Program Files (x86)\NVIDIA Corporation\PhysX\Common;C:\Program Files (x86)\AMD APP\bin\x86_64;C:\Program Files (x86)\AMD APP\bin\x86;C:\WINDOWS\system32;C:\WINDOWS;C:\WINDOWS\System32\Wbem;C:\WINDOWS\System32\WindowsPowerShell\v1.0\;C:\Program Files (x86)\ATI Technologies\ATI.ACE\Core-Static;C:\Program Files\nodejs\;C:\Program Files\PuTTY\;C:\WINDOWS\System32\OpenSSH\;C:\Program Files (x86)\AMD\ATI.ACE\Core-Static;C:\Program Files\Microsoft SQL Server\110\Tools\Binn\;C:\Program Files (x86)\Boxcryptor\bin\;C:\Program Files\Git\cmd;C:\Program Files\NVIDIA Corporation\NVIDIA NvDLISR;C:\Program Files\Microsoft SQL Server\120\Tools\Binn\;C:\Program Files\MATLAB\R2020a\runtime\win64;C:\Program Files\MATLAB\R2020a\bin;C:\Program Files (x86)\AOMEI\AOMEI Backupper 5.7.0;C:\Program Files\dotnet\;C:\VXIPNP\WINNT\BIN;C:\VXIPNP\WINNT\TekVISA\BIN;C:\Program Files (x86)\STMicroelectronics\STM32 ST-LINK Utility\ST-LINK Utility;C:\Users\joesp\AppData\Local\Microsoft\WindowsApps;C:\Users\joesp\AppData\Roaming\npm;C:\ProgramData\Microsoft\Windows\Start Menu\Programs;C:\Windows\System32\shortcuts;C:\Program Files\Notepad++;C:\altera\13.0sp1\modelsim_ase\win32aloem;C:\Users\joesp\AppData\Local\GitHubDesktop\bin;C:\Program Files (x86)\Arduino\java\bin
USERNAME=joesp
OS=Windows_NT
PROCESSOR_IDENTIFIER=Intel64 Family 6 Model 45 Stepping 7, GenuineIntel



---------------  S Y S T E M  ---------------

OS: Windows 10.0 , 64 bit Build 18362 (10.0.18362.1082)

CPU:total 8 (initial active 8) (4 cores per cpu, 2 threads per core) family 6 model 45 stepping 7, cmov, cx8, fxsr, mmx, sse, sse2, sse3, ssse3, sse4.1, sse4.2, popcnt, avx, aes, clmul, ht, tsc, tscinvbit, tscinv

Memory: 4k page, physical 41864940k(20491920k free), swap 42389228k(13767364k free)

vm_info: Java HotSpot(TM) Client VM (25.191-b12) for windows-x86 JRE (1.8.0_191-b12), built on Oct  6 2018 08:34:23 by "java_re" with MS VC++ 10.0 (VS2010)

time: Sat Sep 12 01:06:56 2020
elapsed time: 6403 seconds (0d 1h 46m 43s)

